{"numTotalTestSuites":15,"numPassedTestSuites":15,"numFailedTestSuites":0,"numPendingTestSuites":0,"numTotalTests":28,"numPassedTests":28,"numFailedTests":0,"numPendingTests":0,"numTodoTests":0,"snapshot":{"added":0,"failure":false,"filesAdded":0,"filesRemoved":0,"filesRemovedList":[],"filesUnmatched":0,"filesUpdated":0,"matched":0,"total":0,"unchecked":0,"uncheckedKeysByFile":[],"unmatched":0,"updated":0,"didUpdate":false},"startTime":1775883634360,"success":true,"testResults":[{"assertionResults":[{"ancestorTitles":["Dashboard Page"],"fullName":"Dashboard Page renders dashboard heading","status":"passed","title":"renders dashboard heading","duration":225.58249999999998,"failureMessages":[],"meta":{},"tags":[]},{"ancestorTitles":["Dashboard Page"],"fullName":"Dashboard Page shows welcome message with user name","status":"passed","title":"shows welcome message with user name","duration":17.585399999999936,"failureMessages":[],"meta":{},"tags":[]},{"ancestorTitles":["Dashboard Page"],"fullName":"Dashboard Page shows empty state when no bookings","status":"passed","title":"shows empty state when no bookings","duration":12.377899999999954,"failureMessages":[],"meta":{},"tags":[]},{"ancestorTitles":["Dashboard Page"],"fullName":"Dashboard Page displays current bookings when data is returned","status":"passed","title":"displays current bookings when data is returned","duration":36.4059000000002,"failureMessages":[],"meta":{},"tags":[]},{"ancestorTitles":["Dashboard Page"],"fullName":"Dashboard Page renders configured dashboard carousel slides","status":"passed","title":"renders configured dashboard carousel slides","duration":107.38130000000001,"failureMessages":[],"meta":{},"tags":[]},{"ancestorTitles":["MyBookings Page"],"fullName":"MyBookings Page renders page heading","status":"passed","title":"renders page heading","duration":80.35179999999991,"failureMessages":[],"meta":{},"tags":[]},{"ancestorTitles":["MyBookings Page"],"fullName":"MyBookings Page shows bookings list when data present","status":"passed","title":"shows bookings list when data present","duration":48.214500000000044,"failureMessages":[],"meta":{},"tags":[]},{"ancestorTitles":["NotFound Page"],"fullName":"NotFound Page renders 404 heading","status":"passed","title":"renders 404 heading","duration":4.5513999999998305,"failureMessages":[],"meta":{},"tags":[]},{"ancestorTitles":["NotFound Page"],"fullName":"NotFound Page shows descriptive message","status":"passed","title":"shows descriptive message","duration":3.020400000000336,"failureMessages":[],"meta":{},"tags":[]},{"ancestorTitles":["NotFound Page"],"fullName":"NotFound Page has a link to go home","status":"passed","title":"has a link to go home","duration":3.634599999999864,"failureMessages":[],"meta":{},"tags":[]}],"startTime":1775883636505,"endTime":1775883637044.6345,"status":"passed","message":"","name":"D:/sk-binge-galaxy/sk-binge-galaxy/frontend/src/test/CustomerPages.test.jsx"},{"assertionResults":[{"ancestorTitles":["Dashboard Comprehensive Tests","Loading State"],"fullName":"Dashboard Comprehensive Tests Loading State renders heading after data loads","status":"passed","title":"renders heading after data loads","duration":179.75739999999973,"failureMessages":[],"meta":{},"tags":[]},{"ancestorTitles":["Dashboard Comprehensive Tests","Bookings Display"],"fullName":"Dashboard Comprehensive Tests Bookings Display shows booking with correct details","status":"passed","title":"shows booking with correct details","duration":41.82810000000018,"failureMessages":[],"meta":{},"tags":[]},{"ancestorTitles":["Dashboard Comprehensive Tests","Bookings Display"],"fullName":"Dashboard Comprehensive Tests Bookings Display shows multiple bookings sorted by date/time","status":"passed","title":"shows multiple bookings sorted by date/time","duration":29.808199999999943,"failureMessages":[],"meta":{},"tags":[]},{"ancestorTitles":["Dashboard Comprehensive Tests","Bookings Display"],"fullName":"Dashboard Comprehensive Tests Bookings Display handles empty bookings without crashing","status":"passed","title":"handles empty bookings without crashing","duration":38.1849000000002,"failureMessages":[],"meta":{},"tags":[]},{"ancestorTitles":["Dashboard Comprehensive Tests","Dashboard Experience: CAROUSEL Layout"],"fullName":"Dashboard Comprehensive Tests Dashboard Experience: CAROUSEL Layout renders carousel items with custom slides","status":"passed","title":"renders carousel items with custom slides","duration":39.66170000000011,"failureMessages":[],"meta":{},"tags":[]},{"ancestorTitles":["Dashboard Comprehensive Tests","Dashboard Experience: CAROUSEL Layout"],"fullName":"Dashboard Comprehensive Tests Dashboard Experience: CAROUSEL Layout renders carousel navigation arrows","status":"passed","title":"renders carousel navigation arrows","duration":51.68149999999969,"failureMessages":[],"meta":{},"tags":[]},{"ancestorTitles":["Dashboard Comprehensive Tests","Dashboard Experience: CAROUSEL Layout"],"fullName":"Dashboard Comprehensive Tests Dashboard Experience: CAROUSEL Layout slide with imageUrl renders an img element","status":"passed","title":"slide with imageUrl renders an img element","duration":32.52930000000015,"failureMessages":[],"meta":{},"tags":[]},{"ancestorTitles":["Dashboard Comprehensive Tests","Dashboard Experience: GRID Layout"],"fullName":"Dashboard Comprehensive Tests Dashboard Experience: GRID Layout renders grid items for custom slides","status":"passed","title":"renders grid items for custom slides","duration":18.669099999999617,"failureMessages":[],"meta":{},"tags":[]},{"ancestorTitles":["Dashboard Comprehensive Tests","Dashboard Experience: GRID Layout"],"fullName":"Dashboard Comprehensive Tests Dashboard Experience: GRID Layout falls back to event types when no custom slides","status":"passed","title":"falls back to event types when no custom slides","duration":20.0309000000002,"failureMessages":[],"meta":{},"tags":[]},{"ancestorTitles":["Dashboard Comprehensive Tests","Pricing Display"],"fullName":"Dashboard Comprehensive Tests Pricing Display shows member tier when default pricing","status":"passed","title":"shows member tier when default pricing","duration":21.019800000000032,"failureMessages":[],"meta":{},"tags":[]},{"ancestorTitles":["Dashboard Comprehensive Tests","Pricing Display"],"fullName":"Dashboard Comprehensive Tests Pricing Display shows rate code label for RATE_CODE pricing","status":"passed","title":"shows rate code label for RATE_CODE pricing","duration":24.282000000000153,"failureMessages":[],"meta":{},"tags":[]},{"ancestorTitles":["Dashboard Comprehensive Tests","Pricing Display"],"fullName":"Dashboard Comprehensive Tests Pricing Display shows custom label for CUSTOMER pricing","status":"passed","title":"shows custom label for CUSTOMER pricing","duration":17.253400000000056,"failureMessages":[],"meta":{},"tags":[]},{"ancestorTitles":["Dashboard Comprehensive Tests","Error Handling"],"fullName":"Dashboard Comprehensive Tests Error Handling handles API failure gracefully without crashing","status":"passed","title":"handles API failure gracefully without crashing","duration":14.304699999999684,"failureMessages":[],"meta":{},"tags":[]},{"ancestorTitles":["Dashboard Comprehensive Tests","Error Handling"],"fullName":"Dashboard Comprehensive Tests Error Handling handles partially loaded data without crashing","status":"passed","title":"handles partially loaded data without crashing","duration":16.4692,"failureMessages":[],"meta":{},"tags":[]},{"ancestorTitles":["Dashboard Comprehensive Tests","Pending Payments"],"fullName":"Dashboard Comprehensive Tests Pending Payments highlights bookings needing payment","status":"passed","title":"highlights bookings needing payment","duration":15.314699999999903,"failureMessages":[],"meta":{},"tags":[]},{"ancestorTitles":["Dashboard Comprehensive Tests","Past Bookings & Spend"],"fullName":"Dashboard Comprehensive Tests Past Bookings & Spend calculates total spend from successful past bookings","status":"passed","title":"calculates total spend from successful past bookings","duration":25.941299999999956,"failureMessages":[],"meta":{},"tags":[]},{"ancestorTitles":["Dashboard Comprehensive Tests","Duration Formatting"],"fullName":"Dashboard Comprehensive Tests Duration Formatting formats 180 minutes as 3h","status":"passed","title":"formats 180 minutes as 3h","duration":15.935899999999947,"failureMessages":[],"meta":{},"tags":[]},{"ancestorTitles":["Dashboard Comprehensive Tests","Duration Formatting"],"fullName":"Dashboard Comprehensive Tests Duration Formatting formats 90 minutes as 1h 30m","status":"passed","title":"formats 90 minutes as 1h 30m","duration":20.80139999999983,"failureMessages":[],"meta":{},"tags":[]}],"startTime":1775883636361,"endTime":1775883636985.8015,"status":"passed","message":"","name":"D:/sk-binge-galaxy/sk-binge-galaxy/frontend/src/test/DashboardComprehensive.test.jsx"}]}